<?xml version="1.0" encoding="UTF-8"?>
<!-- Generated by org.testng.reporters.JUnitXMLReporter -->
<testsuite ignored="0" hostname="LAPTOP-QKCURUKN" failures="1" tests="43" name="Test" time="35.234" errors="0" timestamp="2024-08-29T14:41:42 IST">
  <testcase classname="saurabhkumbhar.GroceryTrackerAdminPanel.User" name="@AfterMethod teardown" time="0.031">
    <failure type="org.openqa.selenium.WebDriverException" message="disconnected: not connected to DevTools
  (failed to check if window was closed: disconnected: not connected to DevTools)
  (Session info: chrome=128.0.6613.86)
Build info: version: &amp;apos;3.141.59&amp;apos;, revision: &amp;apos;e82be7d358&amp;apos;, time: &amp;apos;2018-11-14T08:25:53&amp;apos;
System info: host: &amp;apos;LAPTOP-QKCURUKN&amp;apos;, ip: &amp;apos;192.168.1.10&amp;apos;, os.name: &amp;apos;Windows 11&amp;apos;, os.arch: &amp;apos;amd64&amp;apos;, os.version: &amp;apos;10.0&amp;apos;, java.version: &amp;apos;21.0.2&amp;apos;
Driver info: org.openqa.selenium.chrome.ChromeDriver
Capabilities {acceptInsecureCerts: false, browserName: chrome, browserVersion: 128.0.6613.86, chrome: {chromedriverVersion: 127.0.6533.99 (f31af5097d90..., userDataDir: C:\Users\SAURABH\AppData\Lo...}, fedcm:accounts: true, goog:chromeOptions: {debuggerAddress: localhost:55882}, javascriptEnabled: true, networkConnectionEnabled: false, pageLoadStrategy: normal, platform: WINDOWS, platformName: WINDOWS, proxy: Proxy(), setWindowRect: true, strictFileInteractability: false, timeouts: {implicit: 0, pageLoad: 300000, script: 30000}, unhandledPromptBehavior: dismiss and notify, webauthn:extension:credBlob: true, webauthn:extension:largeBlob: true, webauthn:extension:minPinLength: true, webauthn:extension:prf: true, webauthn:virtualAuthenticators: true}
Session ID: 4ea65e2da98f535271d3601e910038b8">
      <![CDATA[org.openqa.selenium.WebDriverException: disconnected: not connected to DevTools
  (failed to check if window was closed: disconnected: not connected to DevTools)
  (Session info: chrome=128.0.6613.86)
Build info: version: '3.141.59', revision: 'e82be7d358', time: '2018-11-14T08:25:53'
System info: host: 'LAPTOP-QKCURUKN', ip: '192.168.1.10', os.name: 'Windows 11', os.arch: 'amd64', os.version: '10.0', java.version: '21.0.2'
Driver info: org.openqa.selenium.chrome.ChromeDriver
Capabilities {acceptInsecureCerts: false, browserName: chrome, browserVersion: 128.0.6613.86, chrome: {chromedriverVersion: 127.0.6533.99 (f31af5097d90..., userDataDir: C:\Users\SAURABH\AppData\Lo...}, fedcm:accounts: true, goog:chromeOptions: {debuggerAddress: localhost:55882}, javascriptEnabled: true, networkConnectionEnabled: false, pageLoadStrategy: normal, platform: WINDOWS, platformName: WINDOWS, proxy: Proxy(), setWindowRect: true, strictFileInteractability: false, timeouts: {implicit: 0, pageLoad: 300000, script: 30000}, unhandledPromptBehavior: dismiss and notify, webauthn:extension:credBlob: true, webauthn:extension:largeBlob: true, webauthn:extension:minPinLength: true, webauthn:extension:prf: true, webauthn:virtualAuthenticators: true}
Session ID: 4ea65e2da98f535271d3601e910038b8
at org.openqa.selenium.remote.http.W3CHttpResponseCodec.createException(W3CHttpResponseCodec.java:187)
at org.openqa.selenium.remote.http.W3CHttpResponseCodec.decode(W3CHttpResponseCodec.java:122)
at org.openqa.selenium.remote.http.W3CHttpResponseCodec.decode(W3CHttpResponseCodec.java:49)
at org.openqa.selenium.remote.HttpCommandExecutor.execute(HttpCommandExecutor.java:158)
at org.openqa.selenium.remote.service.DriverCommandExecutor.execute(DriverCommandExecutor.java:83)
at org.openqa.selenium.remote.RemoteWebDriver.execute(RemoteWebDriver.java:552)
at org.openqa.selenium.remote.RemoteWebDriver.execute(RemoteWebDriver.java:609)
at org.openqa.selenium.remote.RemoteWebDriver.close(RemoteWebDriver.java:442)
at saurabhkumbhar.GroceryTrackerAdminPanel.User.teardown(User.java:47)
at java.base/java.util.ArrayList.forEach(ArrayList.java:1596)
... Removed 33 stack frames]]>
    </failure>
  </testcase> <!-- @AfterMethod teardown -->
  <testcase classname="saurabhkumbhar.GroceryTrackerAdminPanel.User" name="@BeforeMethod setUp" time="0.0">
    <skipped/>
  </testcase> <!-- @BeforeMethod setUp -->
  <testcase classname="saurabhkumbhar.GroceryTrackerAdminPanel.User" name="@AfterMethod teardown" time="0.0">
    <skipped/>
  </testcase> <!-- @AfterMethod teardown -->
  <testcase classname="saurabhkumbhar.GroceryTrackerAdminPanel.User" name="@BeforeMethod setUp" time="0.0">
    <skipped/>
  </testcase> <!-- @BeforeMethod setUp -->
  <testcase classname="saurabhkumbhar.GroceryTrackerAdminPanel.User" name="@AfterMethod teardown" time="0.0">
    <skipped/>
  </testcase> <!-- @AfterMethod teardown -->
  <testcase classname="saurabhkumbhar.GroceryTrackerAdminPanel.User" name="@BeforeMethod setUp" time="0.0">
    <skipped/>
  </testcase> <!-- @BeforeMethod setUp -->
  <testcase classname="saurabhkumbhar.GroceryTrackerAdminPanel.User" name="@AfterMethod teardown" time="0.0">
    <skipped/>
  </testcase> <!-- @AfterMethod teardown -->
  <testcase classname="saurabhkumbhar.GroceryTrackerAdminPanel.User" name="@BeforeMethod setUp" time="0.0">
    <skipped/>
  </testcase> <!-- @BeforeMethod setUp -->
  <testcase classname="saurabhkumbhar.GroceryTrackerAdminPanel.User" name="@AfterMethod teardown" time="0.0">
    <skipped/>
  </testcase> <!-- @AfterMethod teardown -->
  <testcase classname="saurabhkumbhar.GroceryTrackerAdminPanel.User" name="@BeforeMethod setUp" time="0.0">
    <skipped/>
  </testcase> <!-- @BeforeMethod setUp -->
  <testcase classname="saurabhkumbhar.GroceryTrackerAdminPanel.User" name="@AfterMethod teardown" time="0.0">
    <skipped/>
  </testcase> <!-- @AfterMethod teardown -->
  <testcase classname="saurabhkumbhar.GroceryTrackerAdminPanel.User" name="@BeforeMethod setUp" time="0.0">
    <skipped/>
  </testcase> <!-- @BeforeMethod setUp -->
  <testcase classname="saurabhkumbhar.GroceryTrackerAdminPanel.User" name="@AfterMethod teardown" time="0.0">
    <skipped/>
  </testcase> <!-- @AfterMethod teardown -->
  <testcase classname="saurabhkumbhar.GroceryTrackerAdminPanel.User" name="@BeforeMethod setUp" time="0.0">
    <skipped/>
  </testcase> <!-- @BeforeMethod setUp -->
  <testcase classname="saurabhkumbhar.GroceryTrackerAdminPanel.User" name="@AfterMethod teardown" time="0.0">
    <skipped/>
  </testcase> <!-- @AfterMethod teardown -->
  <testcase classname="saurabhkumbhar.GroceryTrackerAdminPanel.User" name="@BeforeMethod setUp" time="0.0">
    <skipped/>
  </testcase> <!-- @BeforeMethod setUp -->
  <testcase classname="saurabhkumbhar.GroceryTrackerAdminPanel.User" name="@AfterMethod teardown" time="0.0">
    <skipped/>
  </testcase> <!-- @AfterMethod teardown -->
  <testcase classname="saurabhkumbhar.GroceryTrackerAdminPanel.User" name="@BeforeMethod setUp" time="0.0">
    <skipped/>
  </testcase> <!-- @BeforeMethod setUp -->
  <testcase classname="saurabhkumbhar.GroceryTrackerAdminPanel.User" name="@AfterMethod teardown" time="0.0">
    <skipped/>
  </testcase> <!-- @AfterMethod teardown -->
  <testcase classname="saurabhkumbhar.GroceryTrackerAdminPanel.User" name="@BeforeMethod setUp" time="0.0">
    <skipped/>
  </testcase> <!-- @BeforeMethod setUp -->
  <testcase classname="saurabhkumbhar.GroceryTrackerAdminPanel.User" name="@AfterMethod teardown" time="0.0">
    <skipped/>
  </testcase> <!-- @AfterMethod teardown -->
  <testcase classname="saurabhkumbhar.GroceryTrackerAdminPanel.User" name="@BeforeMethod setUp" time="0.0">
    <skipped/>
  </testcase> <!-- @BeforeMethod setUp -->
  <testcase classname="saurabhkumbhar.GroceryTrackerAdminPanel.User" name="@AfterMethod teardown" time="0.0">
    <skipped/>
  </testcase> <!-- @AfterMethod teardown -->
  <testcase classname="saurabhkumbhar.GroceryTrackerAdminPanel.User" name="@BeforeMethod setUp" time="0.0">
    <skipped/>
  </testcase> <!-- @BeforeMethod setUp -->
  <testcase classname="saurabhkumbhar.GroceryTrackerAdminPanel.User" name="@AfterMethod teardown" time="0.0">
    <skipped/>
  </testcase> <!-- @AfterMethod teardown -->
  <testcase classname="saurabhkumbhar.GroceryTrackerAdminPanel.User" name="@BeforeMethod setUp" time="0.0">
    <skipped/>
  </testcase> <!-- @BeforeMethod setUp -->
  <testcase classname="saurabhkumbhar.GroceryTrackerAdminPanel.User" name="@AfterMethod teardown" time="0.0">
    <skipped/>
  </testcase> <!-- @AfterMethod teardown -->
  <testcase classname="saurabhkumbhar.GroceryTrackerAdminPanel.User" name="@BeforeMethod setUp" time="0.0">
    <skipped/>
  </testcase> <!-- @BeforeMethod setUp -->
  <testcase classname="saurabhkumbhar.GroceryTrackerAdminPanel.User" name="@AfterMethod teardown" time="0.0">
    <skipped/>
  </testcase> <!-- @AfterMethod teardown -->
  <testcase classname="saurabhkumbhar.GroceryTrackerAdminPanel.User" name="@BeforeMethod setUp" time="0.0">
    <skipped/>
  </testcase> <!-- @BeforeMethod setUp -->
  <testcase classname="saurabhkumbhar.GroceryTrackerAdminPanel.User" name="@AfterMethod teardown" time="0.0">
    <skipped/>
  </testcase> <!-- @AfterMethod teardown -->
  <testcase classname="saurabhkumbhar.GroceryTrackerAdminPanel.User" name="@BeforeMethod setUp" time="0.0">
    <skipped/>
  </testcase> <!-- @BeforeMethod setUp -->
  <testcase classname="saurabhkumbhar.GroceryTrackerAdminPanel.User" name="@AfterMethod teardown" time="0.0">
    <skipped/>
  </testcase> <!-- @AfterMethod teardown -->
  <testcase classname="saurabhkumbhar.GroceryTrackerAdminPanel.User" name="@BeforeMethod setUp" time="0.0">
    <skipped/>
  </testcase> <!-- @BeforeMethod setUp -->
  <testcase classname="saurabhkumbhar.GroceryTrackerAdminPanel.User" name="@AfterMethod teardown" time="0.0">
    <skipped/>
  </testcase> <!-- @AfterMethod teardown -->
  <testcase classname="saurabhkumbhar.GroceryTrackerAdminPanel.User" name="@BeforeMethod setUp" time="0.0">
    <skipped/>
  </testcase> <!-- @BeforeMethod setUp -->
  <testcase classname="saurabhkumbhar.GroceryTrackerAdminPanel.User" name="@AfterMethod teardown" time="0.0">
    <skipped/>
  </testcase> <!-- @AfterMethod teardown -->
  <testcase classname="saurabhkumbhar.GroceryTrackerAdminPanel.User" name="@BeforeMethod setUp" time="0.0">
    <skipped/>
  </testcase> <!-- @BeforeMethod setUp -->
  <testcase classname="saurabhkumbhar.GroceryTrackerAdminPanel.User" name="@AfterMethod teardown" time="0.0">
    <skipped/>
  </testcase> <!-- @AfterMethod teardown -->
  <testcase classname="saurabhkumbhar.GroceryTrackerAdminPanel.User" name="@BeforeMethod setUp" time="0.0">
    <skipped/>
  </testcase> <!-- @BeforeMethod setUp -->
  <testcase classname="saurabhkumbhar.GroceryTrackerAdminPanel.User" name="@AfterMethod teardown" time="0.0">
    <skipped/>
  </testcase> <!-- @AfterMethod teardown -->
  <testcase classname="saurabhkumbhar.GroceryTrackerAdminPanel.User" name="@BeforeMethod setUp" time="0.0">
    <skipped/>
  </testcase> <!-- @BeforeMethod setUp -->
  <testcase classname="saurabhkumbhar.GroceryTrackerAdminPanel.User" name="@AfterMethod teardown" time="0.0">
    <skipped/>
  </testcase> <!-- @AfterMethod teardown -->
  <testcase classname="saurabhkumbhar.GroceryTrackerAdminPanel.User" name="@BeforeMethod setUp" time="0.0">
    <skipped/>
  </testcase> <!-- @BeforeMethod setUp -->
  <testcase classname="saurabhkumbhar.GroceryTrackerAdminPanel.User" name="@AfterMethod teardown" time="0.0">
    <skipped/>
  </testcase> <!-- @AfterMethod teardown -->
  <testcase classname="saurabhkumbhar.GroceryTrackerAdminPanel.User" name="@BeforeMethod setUp" time="0.0">
    <skipped/>
  </testcase> <!-- @BeforeMethod setUp -->
  <testcase classname="saurabhkumbhar.GroceryTrackerAdminPanel.User" name="@AfterMethod teardown" time="0.0">
    <skipped/>
  </testcase> <!-- @AfterMethod teardown -->
  <testcase classname="saurabhkumbhar.GroceryTrackerAdminPanel.User" name="@BeforeMethod setUp" time="0.0">
    <skipped/>
  </testcase> <!-- @BeforeMethod setUp -->
  <testcase classname="saurabhkumbhar.GroceryTrackerAdminPanel.User" name="@AfterMethod teardown" time="0.0">
    <skipped/>
  </testcase> <!-- @AfterMethod teardown -->
  <testcase classname="saurabhkumbhar.GroceryTrackerAdminPanel.User" name="@BeforeMethod setUp" time="0.0">
    <skipped/>
  </testcase> <!-- @BeforeMethod setUp -->
  <testcase classname="saurabhkumbhar.GroceryTrackerAdminPanel.User" name="@AfterMethod teardown" time="0.0">
    <skipped/>
  </testcase> <!-- @AfterMethod teardown -->
  <testcase classname="saurabhkumbhar.GroceryTrackerAdminPanel.User" name="@BeforeMethod setUp" time="0.0">
    <skipped/>
  </testcase> <!-- @BeforeMethod setUp -->
  <testcase classname="saurabhkumbhar.GroceryTrackerAdminPanel.User" name="@AfterMethod teardown" time="0.0">
    <skipped/>
  </testcase> <!-- @AfterMethod teardown -->
  <testcase classname="saurabhkumbhar.GroceryTrackerAdminPanel.User" name="@BeforeMethod setUp" time="0.0">
    <skipped/>
  </testcase> <!-- @BeforeMethod setUp -->
  <testcase classname="saurabhkumbhar.GroceryTrackerAdminPanel.User" name="@AfterMethod teardown" time="0.0">
    <skipped/>
  </testcase> <!-- @AfterMethod teardown -->
  <testcase classname="saurabhkumbhar.GroceryTrackerAdminPanel.User" name="@BeforeMethod setUp" time="0.0">
    <skipped/>
  </testcase> <!-- @BeforeMethod setUp -->
  <testcase classname="saurabhkumbhar.GroceryTrackerAdminPanel.User" name="@AfterMethod teardown" time="0.0">
    <skipped/>
  </testcase> <!-- @AfterMethod teardown -->
  <testcase classname="saurabhkumbhar.GroceryTrackerAdminPanel.User" name="@BeforeMethod setUp" time="0.0">
    <skipped/>
  </testcase> <!-- @BeforeMethod setUp -->
  <testcase classname="saurabhkumbhar.GroceryTrackerAdminPanel.User" name="@AfterMethod teardown" time="0.0">
    <skipped/>
  </testcase> <!-- @AfterMethod teardown -->
  <testcase classname="saurabhkumbhar.GroceryTrackerAdminPanel.User" name="@BeforeMethod setUp" time="0.0">
    <skipped/>
  </testcase> <!-- @BeforeMethod setUp -->
  <testcase classname="saurabhkumbhar.GroceryTrackerAdminPanel.User" name="@AfterMethod teardown" time="0.0">
    <skipped/>
  </testcase> <!-- @AfterMethod teardown -->
  <testcase classname="saurabhkumbhar.GroceryTrackerAdminPanel.User" name="@BeforeMethod setUp" time="0.0">
    <skipped/>
  </testcase> <!-- @BeforeMethod setUp -->
  <testcase classname="saurabhkumbhar.GroceryTrackerAdminPanel.User" name="@AfterMethod teardown" time="0.0">
    <skipped/>
  </testcase> <!-- @AfterMethod teardown -->
  <testcase classname="saurabhkumbhar.GroceryTrackerAdminPanel.User" name="@BeforeMethod setUp" time="0.0">
    <skipped/>
  </testcase> <!-- @BeforeMethod setUp -->
  <testcase classname="saurabhkumbhar.GroceryTrackerAdminPanel.User" name="@AfterMethod teardown" time="0.0">
    <skipped/>
  </testcase> <!-- @AfterMethod teardown -->
  <testcase classname="saurabhkumbhar.GroceryTrackerAdminPanel.User" name="@BeforeMethod setUp" time="0.0">
    <skipped/>
  </testcase> <!-- @BeforeMethod setUp -->
  <testcase classname="saurabhkumbhar.GroceryTrackerAdminPanel.User" name="@AfterMethod teardown" time="0.0">
    <skipped/>
  </testcase> <!-- @AfterMethod teardown -->
  <testcase classname="saurabhkumbhar.GroceryTrackerAdminPanel.User" name="@BeforeMethod setUp" time="0.0">
    <skipped/>
  </testcase> <!-- @BeforeMethod setUp -->
  <testcase classname="saurabhkumbhar.GroceryTrackerAdminPanel.User" name="@AfterMethod teardown" time="0.0">
    <skipped/>
  </testcase> <!-- @AfterMethod teardown -->
  <testcase classname="saurabhkumbhar.GroceryTrackerAdminPanel.User" name="@BeforeMethod setUp" time="0.0">
    <skipped/>
  </testcase> <!-- @BeforeMethod setUp -->
  <testcase classname="saurabhkumbhar.GroceryTrackerAdminPanel.User" name="@AfterMethod teardown" time="0.0">
    <skipped/>
  </testcase> <!-- @AfterMethod teardown -->
  <testcase classname="saurabhkumbhar.GroceryTrackerAdminPanel.User" name="@BeforeMethod setUp" time="0.0">
    <skipped/>
  </testcase> <!-- @BeforeMethod setUp -->
  <testcase classname="saurabhkumbhar.GroceryTrackerAdminPanel.User" name="@AfterMethod teardown" time="0.0">
    <skipped/>
  </testcase> <!-- @AfterMethod teardown -->
  <testcase classname="saurabhkumbhar.GroceryTrackerAdminPanel.User" name="@BeforeMethod setUp" time="0.0">
    <skipped/>
  </testcase> <!-- @BeforeMethod setUp -->
  <testcase classname="saurabhkumbhar.GroceryTrackerAdminPanel.User" name="@AfterMethod teardown" time="0.0">
    <skipped/>
  </testcase> <!-- @AfterMethod teardown -->
  <testcase classname="saurabhkumbhar.GroceryTrackerAdminPanel.User" name="testUserButtonIsDisplayed" time="0.954"/>
  <testcase classname="saurabhkumbhar.GroceryTrackerAdminPanel.User" name="testUserButtonText" time="0.11"/>
  <testcase classname="saurabhkumbhar.GroceryTrackerAdminPanel.User" name="testUserButtonFontWeight" time="0.109"/>
  <testcase classname="saurabhkumbhar.GroceryTrackerAdminPanel.User" name="testUserButtonClick" time="0.645"/>
  <testcase classname="saurabhkumbhar.GroceryTrackerAdminPanel.User" name="testSearchInputPresence" time="0.194"/>
  <testcase classname="saurabhkumbhar.GroceryTrackerAdminPanel.User" name="testSearchInputPlaceholder" time="0.03">
    <failure type="org.openqa.selenium.NoSuchWindowException" message="no such window: target window already closed
from unknown error: web view not found
  (Session info: chrome=128.0.6613.86)
Build info: version: &amp;apos;3.141.59&amp;apos;, revision: &amp;apos;e82be7d358&amp;apos;, time: &amp;apos;2018-11-14T08:25:53&amp;apos;
System info: host: &amp;apos;LAPTOP-QKCURUKN&amp;apos;, ip: &amp;apos;192.168.1.10&amp;apos;, os.name: &amp;apos;Windows 11&amp;apos;, os.arch: &amp;apos;amd64&amp;apos;, os.version: &amp;apos;10.0&amp;apos;, java.version: &amp;apos;21.0.2&amp;apos;
Driver info: org.openqa.selenium.chrome.ChromeDriver
Capabilities {acceptInsecureCerts: false, browserName: chrome, browserVersion: 128.0.6613.86, chrome: {chromedriverVersion: 127.0.6533.99 (f31af5097d90..., userDataDir: C:\Users\SAURABH\AppData\Lo...}, fedcm:accounts: true, goog:chromeOptions: {debuggerAddress: localhost:55882}, javascriptEnabled: true, networkConnectionEnabled: false, pageLoadStrategy: normal, platform: WINDOWS, platformName: WINDOWS, proxy: Proxy(), setWindowRect: true, strictFileInteractability: false, timeouts: {implicit: 0, pageLoad: 300000, script: 30000}, unhandledPromptBehavior: dismiss and notify, webauthn:extension:credBlob: true, webauthn:extension:largeBlob: true, webauthn:extension:minPinLength: true, webauthn:extension:prf: true, webauthn:virtualAuthenticators: true}
Session ID: 4ea65e2da98f535271d3601e910038b8
*** Element info: {Using=css selector, value=input[aria-label=&amp;apos;Search Input&amp;apos;]}">
      <![CDATA[org.openqa.selenium.NoSuchWindowException: no such window: target window already closed
from unknown error: web view not found
  (Session info: chrome=128.0.6613.86)
Build info: version: '3.141.59', revision: 'e82be7d358', time: '2018-11-14T08:25:53'
System info: host: 'LAPTOP-QKCURUKN', ip: '192.168.1.10', os.name: 'Windows 11', os.arch: 'amd64', os.version: '10.0', java.version: '21.0.2'
Driver info: org.openqa.selenium.chrome.ChromeDriver
Capabilities {acceptInsecureCerts: false, browserName: chrome, browserVersion: 128.0.6613.86, chrome: {chromedriverVersion: 127.0.6533.99 (f31af5097d90..., userDataDir: C:\Users\SAURABH\AppData\Lo...}, fedcm:accounts: true, goog:chromeOptions: {debuggerAddress: localhost:55882}, javascriptEnabled: true, networkConnectionEnabled: false, pageLoadStrategy: normal, platform: WINDOWS, platformName: WINDOWS, proxy: Proxy(), setWindowRect: true, strictFileInteractability: false, timeouts: {implicit: 0, pageLoad: 300000, script: 30000}, unhandledPromptBehavior: dismiss and notify, webauthn:extension:credBlob: true, webauthn:extension:largeBlob: true, webauthn:extension:minPinLength: true, webauthn:extension:prf: true, webauthn:virtualAuthenticators: true}
Session ID: 4ea65e2da98f535271d3601e910038b8
*** Element info: {Using=css selector, value=input[aria-label='Search Input']}
at org.openqa.selenium.remote.http.W3CHttpResponseCodec.createException(W3CHttpResponseCodec.java:187)
at org.openqa.selenium.remote.http.W3CHttpResponseCodec.decode(W3CHttpResponseCodec.java:122)
at org.openqa.selenium.remote.http.W3CHttpResponseCodec.decode(W3CHttpResponseCodec.java:49)
at org.openqa.selenium.remote.HttpCommandExecutor.execute(HttpCommandExecutor.java:158)
at org.openqa.selenium.remote.service.DriverCommandExecutor.execute(DriverCommandExecutor.java:83)
at org.openqa.selenium.remote.RemoteWebDriver.execute(RemoteWebDriver.java:552)
at org.openqa.selenium.remote.RemoteWebDriver.findElement(RemoteWebDriver.java:323)
at org.openqa.selenium.remote.RemoteWebDriver.findElementByCssSelector(RemoteWebDriver.java:420)
at org.openqa.selenium.By$ByCssSelector.findElement(By.java:431)
at org.openqa.selenium.remote.RemoteWebDriver.findElement(RemoteWebDriver.java:315)
at saurabhkumbhar.GroceryTrackerAdminPanel.User.testSearchInputPlaceholder(User.java:85)
at java.base/java.util.ArrayList.forEach(ArrayList.java:1596)
... Removed 28 stack frames]]>
    </failure>
  </testcase> <!-- testSearchInputPlaceholder -->
  <testcase classname="saurabhkumbhar.GroceryTrackerAdminPanel.User" name="testSearchInputType" time="0.0">
    <skipped/>
  </testcase> <!-- testSearchInputType -->
  <testcase classname="saurabhkumbhar.GroceryTrackerAdminPanel.User" name="testSearchInputCssClass" time="0.0">
    <skipped/>
  </testcase> <!-- testSearchInputCssClass -->
  <testcase classname="saurabhkumbhar.GroceryTrackerAdminPanel.User" name="testSearchInputIsEnabled" time="0.0">
    <skipped/>
  </testcase> <!-- testSearchInputIsEnabled -->
  <testcase classname="saurabhkumbhar.GroceryTrackerAdminPanel.User" name="testSearchInputIsDisplayed" time="0.0">
    <skipped/>
  </testcase> <!-- testSearchInputIsDisplayed -->
  <testcase classname="saurabhkumbhar.GroceryTrackerAdminPanel.User" name="testSearchInputDefaultValue" time="0.0">
    <skipped/>
  </testcase> <!-- testSearchInputDefaultValue -->
  <testcase classname="saurabhkumbhar.GroceryTrackerAdminPanel.User" name="testUserTableIsDisplayed" time="0.0">
    <skipped/>
  </testcase> <!-- testUserTableIsDisplayed -->
  <testcase classname="saurabhkumbhar.GroceryTrackerAdminPanel.User" name="testNumberOfUsersDisplayed" time="0.0">
    <skipped/>
  </testcase> <!-- testNumberOfUsersDisplayed -->
  <testcase classname="saurabhkumbhar.GroceryTrackerAdminPanel.User" name="testUserProfileImageIsDisplayed" time="0.0">
    <skipped/>
  </testcase> <!-- testUserProfileImageIsDisplayed -->
  <testcase classname="saurabhkumbhar.GroceryTrackerAdminPanel.User" name="testUserNameIsCorrect" time="0.0">
    <skipped/>
  </testcase> <!-- testUserNameIsCorrect -->
  <testcase classname="saurabhkumbhar.GroceryTrackerAdminPanel.User" name="testUserEmailIsCorrect" time="0.0">
    <skipped/>
  </testcase> <!-- testUserEmailIsCorrect -->
  <testcase classname="saurabhkumbhar.GroceryTrackerAdminPanel.User" name="testUserAddressIsCorrect" time="0.0">
    <skipped/>
  </testcase> <!-- testUserAddressIsCorrect -->
  <testcase classname="saurabhkumbhar.GroceryTrackerAdminPanel.User" name="testUserMobileNumberIsCorrect" time="0.0">
    <skipped/>
  </testcase> <!-- testUserMobileNumberIsCorrect -->
  <testcase classname="saurabhkumbhar.GroceryTrackerAdminPanel.User" name="testUserSubscriptionStatusIsCorrect" time="0.0">
    <skipped/>
  </testcase> <!-- testUserSubscriptionStatusIsCorrect -->
  <testcase classname="saurabhkumbhar.GroceryTrackerAdminPanel.User" name="testEditButtonIsDisplayed" time="0.0">
    <skipped/>
  </testcase> <!-- testEditButtonIsDisplayed -->
  <testcase classname="saurabhkumbhar.GroceryTrackerAdminPanel.User" name="testDeleteButtonIsDisplayed" time="0.0">
    <skipped/>
  </testcase> <!-- testDeleteButtonIsDisplayed -->
  <testcase classname="saurabhkumbhar.GroceryTrackerAdminPanel.User" name="testProfileImage" time="0.0">
    <skipped/>
  </testcase> <!-- testProfileImage -->
  <testcase classname="saurabhkumbhar.GroceryTrackerAdminPanel.User" name="testUserName" time="0.0">
    <skipped/>
  </testcase> <!-- testUserName -->
  <testcase classname="saurabhkumbhar.GroceryTrackerAdminPanel.User" name="testUserEmail" time="0.0">
    <skipped/>
  </testcase> <!-- testUserEmail -->
  <testcase classname="saurabhkumbhar.GroceryTrackerAdminPanel.User" name="testUserMobileNo" time="0.001">
    <skipped/>
  </testcase> <!-- testUserMobileNo -->
  <testcase classname="saurabhkumbhar.GroceryTrackerAdminPanel.User" name="testUserAddress" time="0.0">
    <skipped/>
  </testcase> <!-- testUserAddress -->
  <testcase classname="saurabhkumbhar.GroceryTrackerAdminPanel.User" name="testUserSubscription" time="0.001">
    <skipped/>
  </testcase> <!-- testUserSubscription -->
  <testcase classname="saurabhkumbhar.GroceryTrackerAdminPanel.User" name="testPlanValidity" time="0.0">
    <skipped/>
  </testcase> <!-- testPlanValidity -->
  <testcase classname="saurabhkumbhar.GroceryTrackerAdminPanel.User" name="testCreatedAt" time="0.001">
    <skipped/>
  </testcase> <!-- testCreatedAt -->
  <testcase classname="saurabhkumbhar.GroceryTrackerAdminPanel.User" name="testLastUpdate" time="0.0">
    <skipped/>
  </testcase> <!-- testLastUpdate -->
  <testcase classname="saurabhkumbhar.GroceryTrackerAdminPanel.User" name="testAge" time="0.0">
    <skipped/>
  </testcase> <!-- testAge -->
  <testcase classname="saurabhkumbhar.GroceryTrackerAdminPanel.User" name="testGender" time="0.0">
    <skipped/>
  </testcase> <!-- testGender -->
  <testcase classname="saurabhkumbhar.GroceryTrackerAdminPanel.User" name="testBudget" time="0.0">
    <skipped/>
  </testcase> <!-- testBudget -->
  <testcase classname="saurabhkumbhar.GroceryTrackerAdminPanel.User" name="testDietType" time="0.0">
    <skipped/>
  </testcase> <!-- testDietType -->
  <testcase classname="saurabhkumbhar.GroceryTrackerAdminPanel.User" name="testLikeCooking" time="0.0">
    <skipped/>
  </testcase> <!-- testLikeCooking -->
  <testcase classname="saurabhkumbhar.GroceryTrackerAdminPanel.User" name="testNumberOfChildren" time="0.0">
    <skipped/>
  </testcase> <!-- testNumberOfChildren -->
  <testcase classname="saurabhkumbhar.GroceryTrackerAdminPanel.User" name="testNumberOfAdults" time="0.0">
    <skipped/>
  </testcase> <!-- testNumberOfAdults -->
  <testcase classname="saurabhkumbhar.GroceryTrackerAdminPanel.User" name="testHoursSpentOnCooking" time="0.0">
    <skipped/>
  </testcase> <!-- testHoursSpentOnCooking -->
  <testcase classname="saurabhkumbhar.GroceryTrackerAdminPanel.User" name="testOnDiet" time="0.0">
    <skipped/>
  </testcase> <!-- testOnDiet -->
  <testcase classname="saurabhkumbhar.GroceryTrackerAdminPanel.User" name="testFamilyOnDiet" time="0.0">
    <skipped/>
  </testcase> <!-- testFamilyOnDiet -->
  <testcase classname="saurabhkumbhar.GroceryTrackerAdminPanel.User" name="testPreferredFood" time="0.0">
    <skipped/>
  </testcase> <!-- testPreferredFood -->
  <testcase classname="saurabhkumbhar.GroceryTrackerAdminPanel.User" name="testCreatedAtt" time="0.0">
    <skipped/>
  </testcase> <!-- testCreatedAtt -->
  <testcase classname="saurabhkumbhar.GroceryTrackerAdminPanel.User" name="EditUserDetail1" time="0.001">
    <skipped/>
  </testcase> <!-- EditUserDetail1 -->
</testsuite> <!-- Test -->
