<?xml version="1.0" encoding="UTF-8"?>
<!-- Generated by org.testng.reporters.JUnitXMLReporter -->
<testsuite ignored="6" hostname="LAPTOP-QKCURUKN" failures="0" tests="1" name="Default test" time="9.616" errors="0" timestamp="2024-08-29T09:47:31 IST">
  <testcase classname="saurabhkumbhar.GroceryTrackerAdminPanel.Products" name="testSearchButtonVisibility" time="0.426"/>
  <testcase classname="saurabhkumbhar.GroceryTrackerAdminPanel.Products" name="testSearchInputField" time="0.0">
    <ignored/>
  </testcase> <!-- testSearchInputField -->
  <testcase classname="saurabhkumbhar.GroceryTrackerAdminPanel.Products" name="testSearchInputFieldFunctionality" time="0.0">
    <ignored/>
  </testcase> <!-- testSearchInputFieldFunctionality -->
  <testcase classname="saurabhkumbhar.GroceryTrackerAdminPanel.Products" name="testSearchBoxVisibility" time="0.0">
    <ignored/>
  </testcase> <!-- testSearchBoxVisibility -->
  <testcase classname="saurabhkumbhar.GroceryTrackerAdminPanel.Products" name="testSearchInputFieldInitialValue" time="0.0">
    <ignored/>
  </testcase> <!-- testSearchInputFieldInitialValue -->
  <testcase classname="saurabhkumbhar.GroceryTrackerAdminPanel.Products" name="testSearchInputFieldType" time="0.0">
    <ignored/>
  </testcase> <!-- testSearchInputFieldType -->
  <testcase classname="saurabhkumbhar.GroceryTrackerAdminPanel.Products" name="testProductsHeaderVisibility" time="0.0">
    <ignored/>
  </testcase> <!-- testProductsHeaderVisibility -->
</testsuite> <!-- Default test -->
