<?xml version="1.0" encoding="UTF-8"?>
<!-- Generated by org.testng.reporters.JUnitXMLReporter -->
<testsuite ignored="1" hostname="LAPTOP-QKCURUKN" failures="0" tests="1" name="Default test" time="26.267" errors="0" timestamp="2024-08-30T17:29:57 IST">
  <testcase classname="saurabhkumbhar.GroceryTrackerAdminPanel.Login" name="LoginWithInvalidDetails" time="1.644"/>
  <testcase classname="saurabhkumbhar.GroceryTrackerAdminPanel.Login" name="Loginpagedisplay" time="0.0">
    <ignored/>
  </testcase> <!-- Loginpagedisplay -->
</testsuite> <!-- Default test -->
